{"C:\\Users\\siwan\\projects\\auth-services\\src\\config\\prisma.ts": {"path":"C:\\Users\\siwan\\projects\\auth-services\\src\\config\\prisma.ts","statementMap":{"0":{"start":{"line":1,"column":0},"end":{"line":1,"column":45}},"1":{"start":{"line":3,"column":15},"end":{"line":3,"column":33}},"2":{"start":{"line":5,"column":0},"end":{"line":5,"column":22}}},"fnMap":{},"branchMap":{},"s":{"0":1,"1":1,"2":1},"f":{},"b":{}}
,"C:\\Users\\siwan\\projects\\auth-services\\src\\modules\\auth\\auth.repository.ts": {"path":"C:\\Users\\siwan\\projects\\auth-services\\src\\modules\\auth\\auth.repository.ts","statementMap":{"0":{"start":{"line":1,"column":0},"end":{"line":1,"column":41}},"1":{"start":{"line":5,"column":8},"end":{"line":7,"column":11}},"2":{"start":{"line":16,"column":8},"end":{"line":18,"column":null}},"3":{"start":{"line":22,"column":8},"end":{"line":32,"column":11}},"4":{"start":{"line":3,"column":0},"end":{"line":3,"column":13}}},"fnMap":{"0":{"name":"(anonymous_1)","decl":{"start":{"line":4,"column":4},"end":{"line":4,"column":9}},"loc":{"start":{"line":4,"column":39},"end":{"line":8,"column":5}}},"1":{"name":"(anonymous_2)","decl":{"start":{"line":10,"column":4},"end":{"line":10,"column":9}},"loc":{"start":{"line":15,"column":5},"end":{"line":19,"column":5}}},"2":{"name":"(anonymous_3)","decl":{"start":{"line":21,"column":4},"end":{"line":21,"column":9}},"loc":{"start":{"line":21,"column":33},"end":{"line":33,"column":5}}}},"branchMap":{},"s":{"0":1,"1":0,"2":0,"3":0,"4":1},"f":{"0":0,"1":0,"2":0},"b":{}}
,"C:\\Users\\siwan\\projects\\auth-services\\src\\modules\\auth\\auth.service.ts": {"path":"C:\\Users\\siwan\\projects\\auth-services\\src\\modules\\auth\\auth.service.ts","statementMap":{"0":{"start":{"line":1,"column":0},"end":{"line":1,"column":28}},"1":{"start":{"line":2,"column":0},"end":{"line":2,"column":51}},"2":{"start":{"line":3,"column":0},"end":{"line":3,"column":76}},"3":{"start":{"line":5,"column":0},"end":{"line":5,"column":40}},"4":{"start":{"line":8,"column":25},"end":{"line":8,"column":45}},"5":{"start":{"line":16,"column":29},"end":{"line":16,"column":78}},"6":{"start":{"line":17,"column":8},"end":{"line":19,"column":9}},"7":{"start":{"line":18,"column":12},"end":{"line":18,"column":51}},"8":{"start":{"line":21,"column":31},"end":{"line":21,"column":67}},"9":{"start":{"line":22,"column":21},"end":{"line":25,"column":10}},"10":{"start":{"line":27,"column":8},"end":{"line":29,"column":null}},"11":{"start":{"line":30,"column":8},"end":{"line":30,"column":null}},"12":{"start":{"line":37,"column":21},"end":{"line":37,"column":70}},"13":{"start":{"line":38,"column":8},"end":{"line":43,"column":9}},"14":{"start":{"line":39,"column":12},"end":{"line":41,"column":14}},"15":{"start":{"line":42,"column":12},"end":{"line":42,"column":51}},"16":{"start":{"line":45,"column":32},"end":{"line":45,"column":82}},"17":{"start":{"line":46,"column":8},"end":{"line":51,"column":9}},"18":{"start":{"line":47,"column":12},"end":{"line":49,"column":14}},"19":{"start":{"line":50,"column":12},"end":{"line":50,"column":51}},"20":{"start":{"line":52,"column":28},"end":{"line":52,"column":53}},"21":{"start":{"line":53,"column":29},"end":{"line":53,"column":55}},"22":{"start":{"line":54,"column":8},"end":{"line":58,"column":null}},"23":{"start":{"line":62,"column":21},"end":{"line":62,"column":63}},"24":{"start":{"line":63,"column":8},"end":{"line":65,"column":9}},"25":{"start":{"line":64,"column":12},"end":{"line":64,"column":46}},"26":{"start":{"line":66,"column":8},"end":{"line":66,"column":20}},"27":{"start":{"line":7,"column":0},"end":{"line":7,"column":13}}},"fnMap":{"0":{"name":"(anonymous_1)","decl":{"start":{"line":10,"column":4},"end":{"line":10,"column":9}},"loc":{"start":{"line":15,"column":5},"end":{"line":31,"column":5}}},"1":{"name":"(anonymous_2)","decl":{"start":{"line":33,"column":4},"end":{"line":33,"column":9}},"loc":{"start":{"line":36,"column":5},"end":{"line":59,"column":5}}},"2":{"name":"(anonymous_3)","decl":{"start":{"line":61,"column":4},"end":{"line":61,"column":9}},"loc":{"start":{"line":61,"column":35},"end":{"line":67,"column":5}}}},"branchMap":{"0":{"loc":{"start":{"line":17,"column":8},"end":{"line":19,"column":9}},"type":"if","locations":[{"start":{"line":17,"column":8},"end":{"line":19,"column":9}},{"start":{},"end":{}}]},"1":{"loc":{"start":{"line":38,"column":8},"end":{"line":43,"column":9}},"type":"if","locations":[{"start":{"line":38,"column":8},"end":{"line":43,"column":9}},{"start":{},"end":{}}]},"2":{"loc":{"start":{"line":46,"column":8},"end":{"line":51,"column":9}},"type":"if","locations":[{"start":{"line":46,"column":8},"end":{"line":51,"column":9}},{"start":{},"end":{}}]},"3":{"loc":{"start":{"line":63,"column":8},"end":{"line":65,"column":9}},"type":"if","locations":[{"start":{"line":63,"column":8},"end":{"line":65,"column":9}},{"start":{},"end":{}}]}},"s":{"0":1,"1":1,"2":1,"3":1,"4":7,"5":2,"6":2,"7":1,"8":1,"9":1,"10":1,"11":1,"12":3,"13":3,"14":1,"15":1,"16":2,"17":2,"18":1,"19":1,"20":1,"21":1,"22":1,"23":2,"24":2,"25":1,"26":1,"27":1},"f":{"0":2,"1":3,"2":2},"b":{"0":[1,1],"1":[1,2],"2":[1,1],"3":[1,1]}}
,"C:\\Users\\siwan\\projects\\auth-services\\src\\utils\\jwt.ts": {"path":"C:\\Users\\siwan\\projects\\auth-services\\src\\utils\\jwt.ts","statementMap":{"0":{"start":{"line":1,"column":0},"end":{"line":1,"column":31}},"1":{"start":{"line":3,"column":35},"end":{"line":16,"column":1}},"2":{"start":{"line":11,"column":4},"end":{"line":15,"column":null}},"3":{"start":{"line":3,"column":13},"end":{"line":3,"column":35}},"4":{"start":{"line":18,"column":36},"end":{"line":31,"column":1}},"5":{"start":{"line":26,"column":4},"end":{"line":30,"column":null}},"6":{"start":{"line":18,"column":13},"end":{"line":18,"column":36}}},"fnMap":{"0":{"name":"(anonymous_1)","decl":{"start":{"line":3,"column":35},"end":{"line":3,"column":null}},"loc":{"start":{"line":10,"column":4},"end":{"line":16,"column":1}}},"1":{"name":"(anonymous_2)","decl":{"start":{"line":18,"column":36},"end":{"line":18,"column":null}},"loc":{"start":{"line":25,"column":6},"end":{"line":31,"column":1}}}},"branchMap":{},"s":{"0":1,"1":1,"2":0,"3":1,"4":1,"5":0,"6":1},"f":{"0":0,"1":0},"b":{}}
}
