TN:
SF:src\config\prisma.ts
FNF:0
FNH:0
DA:1,1
DA:3,1
DA:5,1
LF:3
LH:3
BRF:0
BRH:0
end_of_record
TN:
SF:src\modules\auth\auth.repository.ts
FN:4,(anonymous_1)
FN:10,(anonymous_2)
FN:21,(anonymous_3)
FNF:3
FNH:0
FNDA:0,(anonymous_1)
FNDA:0,(anonymous_2)
FNDA:0,(anonymous_3)
DA:1,1
DA:3,1
DA:5,0
DA:16,0
DA:22,0
LF:5
LH:2
BRF:0
BRH:0
end_of_record
TN:
SF:src\modules\auth\auth.service.ts
FN:10,(anonymous_1)
FN:33,(anonymous_2)
FN:61,(anonymous_3)
FNF:3
FNH:3
FNDA:2,(anonymous_1)
FNDA:3,(anonymous_2)
FNDA:2,(anonymous_3)
DA:1,1
DA:2,1
DA:3,1
DA:5,1
DA:7,1
DA:8,7
DA:16,2
DA:17,2
DA:18,1
DA:21,1
DA:22,1
DA:27,1
DA:30,1
DA:37,3
DA:38,3
DA:39,1
DA:42,1
DA:45,2
DA:46,2
DA:47,1
DA:50,1
DA:52,1
DA:53,1
DA:54,1
DA:62,2
DA:63,2
DA:64,1
DA:66,1
LF:28
LH:28
BRDA:17,0,0,1
BRDA:17,0,1,1
BRDA:38,1,0,1
BRDA:38,1,1,2
BRDA:46,2,0,1
BRDA:46,2,1,1
BRDA:63,3,0,1
BRDA:63,3,1,1
BRF:8
BRH:8
end_of_record
TN:
SF:src\utils\jwt.ts
FN:3,(anonymous_1)
FN:18,(anonymous_2)
FNF:2
FNH:0
FNDA:0,(anonymous_1)
FNDA:0,(anonymous_2)
DA:1,1
DA:3,1
DA:11,0
DA:18,1
DA:26,0
LF:5
LH:3
BRF:0
BRH:0
end_of_record
